C:\USERS\HSZCZOUSZCZ\DOCUMENTS\VISUAL STUDIO 2012\PROJECTS\AGH\DADM\EKG\DEBUG\MAIN.OBJ
C:\USERS\HSZCZOUSZCZ\DOCUMENTS\VISUAL STUDIO 2012\PROJECTS\AGH\DADM\EKG\DEBUG\MOC_EKG.OBJ
C:\USERS\HSZCZOUSZCZ\DOCUMENTS\VISUAL STUDIO 2012\PROJECTS\AGH\DADM\EKG\DEBUG\EKG.OBJ
C:\USERS\HSZCZOUSZCZ\DOCUMENTS\VISUAL STUDIO 2012\PROJECTS\AGH\DADM\EKG\DEBUG\VC110.PDB
C:\USERS\HSZCZOUSZCZ\DOCUMENTS\VISUAL STUDIO 2012\PROJECTS\AGH\DADM\EKG\DEBUG\QRC_EKG.OBJ
C:\USERS\HSZCZOUSZCZ\DOCUMENTS\VISUAL STUDIO 2012\PROJECTS\AGH\DADM\EKG\GENERATEDFILES\DEBUG\MOC_EKG.CPP
C:\USERS\HSZCZOUSZCZ\DOCUMENTS\VISUAL STUDIO 2012\PROJECTS\AGH\DADM\EKG\GENERATEDFILES\UI_EKG.H
C:\USERS\HSZCZOUSZCZ\DOCUMENTS\VISUAL STUDIO 2012\PROJECTS\AGH\DADM\EKG\GENERATEDFILES\QRC_EKG.CPP
C:\USERS\HSZCZOUSZCZ\DOCUMENTS\VISUAL STUDIO 2012\PROJECTS\AGH\DADM\WIN32\DEBUG\EKG.ILK
C:\USERS\HSZCZOUSZCZ\DOCUMENTS\VISUAL STUDIO 2012\PROJECTS\AGH\DADM\WIN32\DEBUG\EKG.EXE
C:\USERS\HSZCZOUSZCZ\DOCUMENTS\VISUAL STUDIO 2012\PROJECTS\AGH\DADM\WIN32\DEBUG\EKG.PDB
C:\Users\hszczouszcz\Documents\Visual Studio 2012\Projects\Agh\DADM\Ekg\Debug\ekg.obj
C:\Users\hszczouszcz\Documents\Visual Studio 2012\Projects\Agh\DADM\Ekg\Debug\main.obj
C:\Users\hszczouszcz\Documents\Visual Studio 2012\Projects\Agh\DADM\Ekg\Debug\moc_ekg.obj
C:\Users\hszczouszcz\Documents\Visual Studio 2012\Projects\Agh\DADM\Ekg\Debug\qrc_ekg.obj
C:\Users\hszczouszcz\Documents\Visual Studio 2012\Projects\Agh\DADM\Ekg\Debug\cl.command.1.tlog
C:\Users\hszczouszcz\Documents\Visual Studio 2012\Projects\Agh\DADM\Ekg\Debug\CL.read.1.tlog
C:\Users\hszczouszcz\Documents\Visual Studio 2012\Projects\Agh\DADM\Ekg\Debug\CL.write.1.tlog
C:\Users\hszczouszcz\Documents\Visual Studio 2012\Projects\Agh\DADM\Ekg\Debug\custombuild.command.1.tlog
C:\Users\hszczouszcz\Documents\Visual Studio 2012\Projects\Agh\DADM\Ekg\Debug\custombuild.read.1.tlog
C:\Users\hszczouszcz\Documents\Visual Studio 2012\Projects\Agh\DADM\Ekg\Debug\custombuild.write.1.tlog
C:\Users\hszczouszcz\Documents\Visual Studio 2012\Projects\Agh\DADM\Ekg\Debug\link-cvtres.read.1.tlog
C:\Users\hszczouszcz\Documents\Visual Studio 2012\Projects\Agh\DADM\Ekg\Debug\link-cvtres.write.1.tlog
C:\Users\hszczouszcz\Documents\Visual Studio 2012\Projects\Agh\DADM\Ekg\Debug\link-rc.read.1.tlog
C:\Users\hszczouszcz\Documents\Visual Studio 2012\Projects\Agh\DADM\Ekg\Debug\link-rc.write.1.tlog
C:\Users\hszczouszcz\Documents\Visual Studio 2012\Projects\Agh\DADM\Ekg\Debug\link.command.1.tlog
C:\Users\hszczouszcz\Documents\Visual Studio 2012\Projects\Agh\DADM\Ekg\Debug\link.read.1.tlog
C:\Users\hszczouszcz\Documents\Visual Studio 2012\Projects\Agh\DADM\Ekg\Debug\link.write.1.tlog
C:\Users\hszczouszcz\Documents\Visual Studio 2012\Projects\Agh\DADM\Ekg\Debug\vc110.pdb
C:\Users\hszczouszcz\Documents\Visual Studio 2012\Projects\Agh\DADM\Win32\Debug\Ekg.pdb
C:\Users\hszczouszcz\Documents\Visual Studio 2012\Projects\Agh\DADM\Win32\Debug\Ekg.exe
C:\Users\hszczouszcz\Documents\Visual Studio 2012\Projects\Agh\DADM\Win32\Debug\Ekg.ilk
